[30-Sep-2020 08:35:28 UTC] PHP Warning:  mysqli_real_connect(): (HY000/1045): Access denied for user 'wordpressuser'@'webserver-2.us-central1-a.c.atomic-drake-291012.internal' (using password: YES) in /gluster/www/silviuebinca.ro/wp-includes/wp-db.php on line 1635
[30-Sep-2020 08:36:51 UTC] PHP Warning:  mysqli_real_connect(): (HY000/1045): Access denied for user 'wordpressuser'@'webserver-1.us-central1-a.c.atomic-drake-291012.internal' (using password: YES) in /gluster/www/silviuebinca.ro/wp-includes/wp-db.php on line 1635
[30-Sep-2020 08:37:12 UTC] PHP Warning:  mysqli_real_connect(): (HY000/2002): Connection refused in /gluster/www/silviuebinca.ro/wp-includes/wp-db.php on line 1635
[30-Sep-2020 08:39:56 UTC] PHP Warning:  An unexpected error occurred. Something may be wrong with WordPress.org or this server&#8217;s configuration. If you continue to have problems, please try the <a href="https://wordpress.org/support/forums/">support forums</a>. (WordPress could not establish a secure connection to WordPress.org. Please contact your server administrator.) in /gluster/www/silviuebinca.ro/wp-admin/includes/translation-install.php on line 68
[30-Sep-2020 08:39:59 UTC] PHP Notice:  Undefined index: host in /gluster/www/silviuebinca.ro/wp-includes/l10n.php on line 1075
[30-Sep-2020 08:39:59 UTC] PHP Notice:  Undefined index: host in /gluster/www/silviuebinca.ro/wp-includes/l10n.php on line 1075
[30-Sep-2020 08:40:46 UTC] PHP Warning:  An unexpected error occurred. Something may be wrong with WordPress.org or this server&#8217;s configuration. If you continue to have problems, please try the <a href="https://wordpress.org/support/forums/">support forums</a>. (WordPress could not establish a secure connection to WordPress.org. Please contact your server administrator.) in /gluster/www/silviuebinca.ro/wp-includes/update.php on line 168
[30-Sep-2020 08:40:52 UTC] PHP Warning:  An unexpected error occurred. Something may be wrong with WordPress.org or this server&#8217;s configuration. If you continue to have problems, please try the <a href="https://wordpress.org/support/forums/">support forums</a>. (WordPress could not establish a secure connection to WordPress.org. Please contact your server administrator.) in /gluster/www/silviuebinca.ro/wp-includes/update.php on line 403
[30-Sep-2020 08:40:58 UTC] PHP Warning:  An unexpected error occurred. Something may be wrong with WordPress.org or this server&#8217;s configuration. If you continue to have problems, please try the <a href="https://wordpress.org/support/forums/">support forums</a>. (WordPress could not establish a secure connection to WordPress.org. Please contact your server administrator.) in /gluster/www/silviuebinca.ro/wp-includes/update.php on line 607
[30-Sep-2020 08:43:14 UTC] PHP Notice:  Undefined property: WP_Error::$themes in /gluster/www/silviuebinca.ro/wp-admin/includes/theme.php on line 586
[30-Sep-2020 08:43:14 UTC] PHP Warning:  Invalid argument supplied for foreach() in /gluster/www/silviuebinca.ro/wp-admin/includes/theme.php on line 586
[30-Sep-2020 14:42:03 UTC] PHP Notice:  Undefined index: host in /gluster/www/silviuebinca.ro/wp-includes/canonical.php on line 673
[30-Sep-2020 14:42:03 UTC] PHP Notice:  Undefined index: host in /gluster/www/silviuebinca.ro/wp-includes/canonical.php on line 682
[30-Sep-2020 14:42:03 UTC] PHP Notice:  Undefined index: host in /gluster/www/silviuebinca.ro/wp-includes/canonical.php on line 685
[30-Sep-2020 14:42:03 UTC] PHP Notice:  Undefined index: scheme in /gluster/www/silviuebinca.ro/wp-includes/canonical.php on line 706
[30-Sep-2020 14:42:03 UTC] PHP Notice:  Undefined index: host in /gluster/www/silviuebinca.ro/wp-includes/canonical.php on line 673
[30-Sep-2020 14:42:03 UTC] PHP Notice:  Undefined index: host in /gluster/www/silviuebinca.ro/wp-includes/canonical.php on line 682
[30-Sep-2020 14:42:03 UTC] PHP Notice:  Undefined index: host in /gluster/www/silviuebinca.ro/wp-includes/canonical.php on line 685
[30-Sep-2020 14:42:03 UTC] PHP Notice:  Undefined index: scheme in /gluster/www/silviuebinca.ro/wp-includes/canonical.php on line 706
[30-Sep-2020 18:04:38 UTC] PHP Notice:  Undefined index: host in /gluster/www/silviuebinca.ro/wp-includes/canonical.php on line 673
[30-Sep-2020 18:04:38 UTC] PHP Notice:  Undefined index: host in /gluster/www/silviuebinca.ro/wp-includes/canonical.php on line 682
[30-Sep-2020 18:04:39 UTC] PHP Notice:  Undefined index: host in /gluster/www/silviuebinca.ro/wp-includes/canonical.php on line 685
[30-Sep-2020 18:04:39 UTC] PHP Notice:  Undefined index: scheme in /gluster/www/silviuebinca.ro/wp-includes/canonical.php on line 706
[30-Sep-2020 18:04:39 UTC] PHP Notice:  Undefined index: host in /gluster/www/silviuebinca.ro/wp-includes/canonical.php on line 673
[30-Sep-2020 18:04:39 UTC] PHP Notice:  Undefined index: host in /gluster/www/silviuebinca.ro/wp-includes/canonical.php on line 682
[30-Sep-2020 18:04:39 UTC] PHP Notice:  Undefined index: host in /gluster/www/silviuebinca.ro/wp-includes/canonical.php on line 685
[30-Sep-2020 18:04:40 UTC] PHP Notice:  Undefined index: scheme in /gluster/www/silviuebinca.ro/wp-includes/canonical.php on line 706
[30-Sep-2020 19:11:16 UTC] PHP Notice:  Undefined index: host in /gluster/www/silviuebinca.ro/wp-includes/canonical.php on line 673
[30-Sep-2020 19:11:16 UTC] PHP Notice:  Undefined index: host in /gluster/www/silviuebinca.ro/wp-includes/canonical.php on line 682
[30-Sep-2020 19:11:16 UTC] PHP Notice:  Undefined index: host in /gluster/www/silviuebinca.ro/wp-includes/canonical.php on line 685
[30-Sep-2020 19:11:17 UTC] PHP Notice:  Undefined index: scheme in /gluster/www/silviuebinca.ro/wp-includes/canonical.php on line 706
[30-Sep-2020 19:11:17 UTC] PHP Notice:  Undefined index: host in /gluster/www/silviuebinca.ro/wp-includes/canonical.php on line 673
[30-Sep-2020 19:11:17 UTC] PHP Notice:  Undefined index: host in /gluster/www/silviuebinca.ro/wp-includes/canonical.php on line 682
[30-Sep-2020 19:11:17 UTC] PHP Notice:  Undefined index: host in /gluster/www/silviuebinca.ro/wp-includes/canonical.php on line 685
[30-Sep-2020 19:11:17 UTC] PHP Notice:  Undefined index: scheme in /gluster/www/silviuebinca.ro/wp-includes/canonical.php on line 706
[30-Sep-2020 19:59:21 UTC] PHP Notice:  Undefined index: host in /gluster/www/silviuebinca.ro/wp-includes/canonical.php on line 673
[30-Sep-2020 19:59:21 UTC] PHP Notice:  Undefined index: host in /gluster/www/silviuebinca.ro/wp-includes/canonical.php on line 682
[30-Sep-2020 19:59:21 UTC] PHP Notice:  Undefined index: host in /gluster/www/silviuebinca.ro/wp-includes/canonical.php on line 685
[30-Sep-2020 19:59:21 UTC] PHP Notice:  Undefined index: scheme in /gluster/www/silviuebinca.ro/wp-includes/canonical.php on line 706
[30-Sep-2020 19:59:21 UTC] PHP Notice:  Undefined index: host in /gluster/www/silviuebinca.ro/wp-includes/canonical.php on line 673
[30-Sep-2020 19:59:21 UTC] PHP Notice:  Undefined index: host in /gluster/www/silviuebinca.ro/wp-includes/canonical.php on line 682
[30-Sep-2020 19:59:22 UTC] PHP Notice:  Undefined index: host in /gluster/www/silviuebinca.ro/wp-includes/canonical.php on line 685
[30-Sep-2020 19:59:22 UTC] PHP Notice:  Undefined index: scheme in /gluster/www/silviuebinca.ro/wp-includes/canonical.php on line 706
[02-Oct-2020 03:08:02 UTC] PHP Notice:  Undefined index: host in /gluster/www/silviuebinca.ro/wp-includes/canonical.php on line 673
[02-Oct-2020 03:08:02 UTC] PHP Notice:  Undefined index: host in /gluster/www/silviuebinca.ro/wp-includes/canonical.php on line 682
[02-Oct-2020 03:08:02 UTC] PHP Notice:  Undefined index: host in /gluster/www/silviuebinca.ro/wp-includes/canonical.php on line 685
[02-Oct-2020 03:08:02 UTC] PHP Notice:  Undefined index: scheme in /gluster/www/silviuebinca.ro/wp-includes/canonical.php on line 706
[02-Oct-2020 03:08:02 UTC] PHP Notice:  Undefined index: host in /gluster/www/silviuebinca.ro/wp-includes/canonical.php on line 673
[02-Oct-2020 03:08:02 UTC] PHP Notice:  Undefined index: host in /gluster/www/silviuebinca.ro/wp-includes/canonical.php on line 682
[02-Oct-2020 03:08:02 UTC] PHP Notice:  Undefined index: host in /gluster/www/silviuebinca.ro/wp-includes/canonical.php on line 685
[02-Oct-2020 03:08:02 UTC] PHP Notice:  Undefined index: scheme in /gluster/www/silviuebinca.ro/wp-includes/canonical.php on line 706
[02-Oct-2020 08:19:40 UTC] PHP Notice:  Undefined index: host in /gluster/www/silviuebinca.ro/wp-includes/canonical.php on line 673
[02-Oct-2020 08:19:40 UTC] PHP Notice:  Undefined index: host in /gluster/www/silviuebinca.ro/wp-includes/canonical.php on line 682
[02-Oct-2020 08:19:40 UTC] PHP Notice:  Undefined index: host in /gluster/www/silviuebinca.ro/wp-includes/canonical.php on line 685
[02-Oct-2020 08:19:40 UTC] PHP Notice:  Undefined index: scheme in /gluster/www/silviuebinca.ro/wp-includes/canonical.php on line 706
[02-Oct-2020 08:19:40 UTC] PHP Notice:  Undefined index: host in /gluster/www/silviuebinca.ro/wp-includes/canonical.php on line 673
[02-Oct-2020 08:19:40 UTC] PHP Notice:  Undefined index: host in /gluster/www/silviuebinca.ro/wp-includes/canonical.php on line 682
[02-Oct-2020 08:19:40 UTC] PHP Notice:  Undefined index: host in /gluster/www/silviuebinca.ro/wp-includes/canonical.php on line 685
[02-Oct-2020 08:19:40 UTC] PHP Notice:  Undefined index: scheme in /gluster/www/silviuebinca.ro/wp-includes/canonical.php on line 706
[02-Oct-2020 12:49:17 UTC] PHP Notice:  Undefined index: host in /gluster/www/silviuebinca.ro/wp-includes/canonical.php on line 673
[02-Oct-2020 12:49:17 UTC] PHP Notice:  Undefined index: host in /gluster/www/silviuebinca.ro/wp-includes/canonical.php on line 682
[02-Oct-2020 12:49:17 UTC] PHP Notice:  Undefined index: host in /gluster/www/silviuebinca.ro/wp-includes/canonical.php on line 685
[02-Oct-2020 12:49:17 UTC] PHP Notice:  Undefined index: scheme in /gluster/www/silviuebinca.ro/wp-includes/canonical.php on line 706
[02-Oct-2020 12:49:17 UTC] PHP Notice:  Undefined index: host in /gluster/www/silviuebinca.ro/wp-includes/canonical.php on line 673
[02-Oct-2020 12:49:17 UTC] PHP Notice:  Undefined index: host in /gluster/www/silviuebinca.ro/wp-includes/canonical.php on line 682
[02-Oct-2020 12:49:17 UTC] PHP Notice:  Undefined index: host in /gluster/www/silviuebinca.ro/wp-includes/canonical.php on line 685
[02-Oct-2020 12:49:17 UTC] PHP Notice:  Undefined index: scheme in /gluster/www/silviuebinca.ro/wp-includes/canonical.php on line 706
[02-Oct-2020 21:48:41 UTC] PHP Notice:  Undefined index: host in /gluster/www/silviuebinca.ro/wp-includes/canonical.php on line 673
[02-Oct-2020 21:48:41 UTC] PHP Notice:  Undefined index: host in /gluster/www/silviuebinca.ro/wp-includes/canonical.php on line 682
[02-Oct-2020 21:48:41 UTC] PHP Notice:  Undefined index: host in /gluster/www/silviuebinca.ro/wp-includes/canonical.php on line 685
[02-Oct-2020 21:48:41 UTC] PHP Notice:  Undefined index: scheme in /gluster/www/silviuebinca.ro/wp-includes/canonical.php on line 706
[02-Oct-2020 21:48:41 UTC] PHP Notice:  Undefined index: host in /gluster/www/silviuebinca.ro/wp-includes/canonical.php on line 673
[02-Oct-2020 21:48:41 UTC] PHP Notice:  Undefined index: host in /gluster/www/silviuebinca.ro/wp-includes/canonical.php on line 682
[02-Oct-2020 21:48:41 UTC] PHP Notice:  Undefined index: host in /gluster/www/silviuebinca.ro/wp-includes/canonical.php on line 685
[02-Oct-2020 21:48:41 UTC] PHP Notice:  Undefined index: scheme in /gluster/www/silviuebinca.ro/wp-includes/canonical.php on line 706
[03-Oct-2020 09:37:09 UTC] PHP Notice:  Undefined index: host in /gluster/www/silviuebinca.ro/wp-includes/canonical.php on line 673
[03-Oct-2020 09:37:09 UTC] PHP Notice:  Undefined index: host in /gluster/www/silviuebinca.ro/wp-includes/canonical.php on line 682
[03-Oct-2020 09:37:09 UTC] PHP Notice:  Undefined index: host in /gluster/www/silviuebinca.ro/wp-includes/canonical.php on line 685
[03-Oct-2020 09:37:09 UTC] PHP Notice:  Undefined index: scheme in /gluster/www/silviuebinca.ro/wp-includes/canonical.php on line 706
[03-Oct-2020 09:37:09 UTC] PHP Notice:  Undefined index: host in /gluster/www/silviuebinca.ro/wp-includes/canonical.php on line 673
[03-Oct-2020 09:37:09 UTC] PHP Notice:  Undefined index: host in /gluster/www/silviuebinca.ro/wp-includes/canonical.php on line 682
[03-Oct-2020 09:37:09 UTC] PHP Notice:  Undefined index: host in /gluster/www/silviuebinca.ro/wp-includes/canonical.php on line 685
[03-Oct-2020 09:37:09 UTC] PHP Notice:  Undefined index: scheme in /gluster/www/silviuebinca.ro/wp-includes/canonical.php on line 706
[03-Oct-2020 10:48:51 UTC] PHP Warning:  An unexpected error occurred. Something may be wrong with WordPress.org or this server&#8217;s configuration. If you continue to have problems, please try the <a href="https://wordpress.org/support/forums/">support forums</a>. (WordPress could not establish a secure connection to WordPress.org. Please contact your server administrator.) in /gluster/www/silviuebinca.ro/wp-includes/update.php on line 168
[03-Oct-2020 10:48:57 UTC] PHP Warning:  An unexpected error occurred. Something may be wrong with WordPress.org or this server&#8217;s configuration. If you continue to have problems, please try the <a href="https://wordpress.org/support/forums/">support forums</a>. (WordPress could not establish a secure connection to WordPress.org. Please contact your server administrator.) in /gluster/www/silviuebinca.ro/wp-includes/update.php on line 403
[03-Oct-2020 10:49:03 UTC] PHP Warning:  An unexpected error occurred. Something may be wrong with WordPress.org or this server&#8217;s configuration. If you continue to have problems, please try the <a href="https://wordpress.org/support/forums/">support forums</a>. (WordPress could not establish a secure connection to WordPress.org. Please contact your server administrator.) in /gluster/www/silviuebinca.ro/wp-includes/update.php on line 607
[03-Oct-2020 10:54:41 UTC] PHP Notice:  Undefined property: WP_Error::$themes in /gluster/www/silviuebinca.ro/wp-admin/includes/theme.php on line 586
[03-Oct-2020 10:54:41 UTC] PHP Warning:  Invalid argument supplied for foreach() in /gluster/www/silviuebinca.ro/wp-admin/includes/theme.php on line 586
[03-Oct-2020 11:45:32 UTC] PHP Notice:  Undefined index: host in /gluster/www/silviuebinca.ro/wp-includes/canonical.php on line 673
[03-Oct-2020 11:45:32 UTC] PHP Notice:  Undefined index: host in /gluster/www/silviuebinca.ro/wp-includes/canonical.php on line 682
[03-Oct-2020 11:45:32 UTC] PHP Notice:  Undefined index: host in /gluster/www/silviuebinca.ro/wp-includes/canonical.php on line 685
[03-Oct-2020 11:45:32 UTC] PHP Notice:  Undefined index: scheme in /gluster/www/silviuebinca.ro/wp-includes/canonical.php on line 706
[03-Oct-2020 11:45:33 UTC] PHP Notice:  Undefined index: host in /gluster/www/silviuebinca.ro/wp-includes/canonical.php on line 673
[03-Oct-2020 11:45:33 UTC] PHP Notice:  Undefined index: host in /gluster/www/silviuebinca.ro/wp-includes/canonical.php on line 682
[03-Oct-2020 11:45:33 UTC] PHP Notice:  Undefined index: host in /gluster/www/silviuebinca.ro/wp-includes/canonical.php on line 685
[03-Oct-2020 11:45:33 UTC] PHP Notice:  Undefined index: scheme in /gluster/www/silviuebinca.ro/wp-includes/canonical.php on line 706
[03-Oct-2020 12:59:34 UTC] PHP Notice:  Undefined index: host in /gluster/www/silviuebinca.ro/wp-includes/canonical.php on line 673
[03-Oct-2020 12:59:34 UTC] PHP Notice:  Undefined index: host in /gluster/www/silviuebinca.ro/wp-includes/canonical.php on line 682
[03-Oct-2020 12:59:35 UTC] PHP Notice:  Undefined index: host in /gluster/www/silviuebinca.ro/wp-includes/canonical.php on line 685
[03-Oct-2020 12:59:35 UTC] PHP Notice:  Undefined index: scheme in /gluster/www/silviuebinca.ro/wp-includes/canonical.php on line 706
[03-Oct-2020 12:59:35 UTC] PHP Notice:  Undefined index: host in /gluster/www/silviuebinca.ro/wp-includes/canonical.php on line 673
[03-Oct-2020 12:59:36 UTC] PHP Notice:  Undefined index: host in /gluster/www/silviuebinca.ro/wp-includes/canonical.php on line 682
[03-Oct-2020 12:59:36 UTC] PHP Notice:  Undefined index: host in /gluster/www/silviuebinca.ro/wp-includes/canonical.php on line 685
[03-Oct-2020 12:59:36 UTC] PHP Notice:  Undefined index: scheme in /gluster/www/silviuebinca.ro/wp-includes/canonical.php on line 706
[03-Oct-2020 13:28:32 UTC] PHP Notice:  Undefined index: host in /gluster/www/silviuebinca.ro/wp-includes/canonical.php on line 673
[03-Oct-2020 13:28:32 UTC] PHP Notice:  Undefined index: host in /gluster/www/silviuebinca.ro/wp-includes/canonical.php on line 682
[03-Oct-2020 13:28:32 UTC] PHP Notice:  Undefined index: host in /gluster/www/silviuebinca.ro/wp-includes/canonical.php on line 685
[03-Oct-2020 13:28:33 UTC] PHP Notice:  Undefined index: scheme in /gluster/www/silviuebinca.ro/wp-includes/canonical.php on line 706
[03-Oct-2020 13:28:33 UTC] PHP Notice:  Undefined index: host in /gluster/www/silviuebinca.ro/wp-includes/canonical.php on line 673
[03-Oct-2020 13:28:33 UTC] PHP Notice:  Undefined index: host in /gluster/www/silviuebinca.ro/wp-includes/canonical.php on line 682
[03-Oct-2020 13:28:34 UTC] PHP Notice:  Undefined index: host in /gluster/www/silviuebinca.ro/wp-includes/canonical.php on line 685
[03-Oct-2020 13:28:34 UTC] PHP Notice:  Undefined index: scheme in /gluster/www/silviuebinca.ro/wp-includes/canonical.php on line 706
[03-Oct-2020 15:15:04 UTC] PHP Notice:  Undefined index: host in /gluster/www/silviuebinca.ro/wp-includes/canonical.php on line 673
[03-Oct-2020 15:15:04 UTC] PHP Notice:  Undefined index: host in /gluster/www/silviuebinca.ro/wp-includes/canonical.php on line 682
[03-Oct-2020 15:15:04 UTC] PHP Notice:  Undefined index: host in /gluster/www/silviuebinca.ro/wp-includes/canonical.php on line 685
[03-Oct-2020 15:15:04 UTC] PHP Notice:  Undefined index: scheme in /gluster/www/silviuebinca.ro/wp-includes/canonical.php on line 706
[03-Oct-2020 15:15:04 UTC] PHP Notice:  Undefined index: host in /gluster/www/silviuebinca.ro/wp-includes/canonical.php on line 673
[03-Oct-2020 15:15:04 UTC] PHP Notice:  Undefined index: host in /gluster/www/silviuebinca.ro/wp-includes/canonical.php on line 682
[03-Oct-2020 15:15:04 UTC] PHP Notice:  Undefined index: host in /gluster/www/silviuebinca.ro/wp-includes/canonical.php on line 685
[03-Oct-2020 15:15:04 UTC] PHP Notice:  Undefined index: scheme in /gluster/www/silviuebinca.ro/wp-includes/canonical.php on line 706
[03-Oct-2020 15:28:18 UTC] PHP Notice:  Undefined index: host in /gluster/www/silviuebinca.ro/wp-includes/canonical.php on line 673
[03-Oct-2020 15:28:18 UTC] PHP Notice:  Undefined index: host in /gluster/www/silviuebinca.ro/wp-includes/canonical.php on line 682
[03-Oct-2020 15:28:19 UTC] PHP Notice:  Undefined index: host in /gluster/www/silviuebinca.ro/wp-includes/canonical.php on line 685
[03-Oct-2020 15:28:19 UTC] PHP Notice:  Undefined index: scheme in /gluster/www/silviuebinca.ro/wp-includes/canonical.php on line 706
[03-Oct-2020 15:28:19 UTC] PHP Notice:  Undefined index: host in /gluster/www/silviuebinca.ro/wp-includes/canonical.php on line 673
[03-Oct-2020 15:28:19 UTC] PHP Notice:  Undefined index: host in /gluster/www/silviuebinca.ro/wp-includes/canonical.php on line 682
[03-Oct-2020 15:28:19 UTC] PHP Notice:  Undefined index: host in /gluster/www/silviuebinca.ro/wp-includes/canonical.php on line 685
[03-Oct-2020 15:28:20 UTC] PHP Notice:  Undefined index: scheme in /gluster/www/silviuebinca.ro/wp-includes/canonical.php on line 706
[03-Oct-2020 15:42:42 UTC] PHP Notice:  Undefined index: host in /gluster/www/silviuebinca.ro/wp-includes/canonical.php on line 673
[03-Oct-2020 15:42:42 UTC] PHP Notice:  Undefined index: host in /gluster/www/silviuebinca.ro/wp-includes/canonical.php on line 682
[03-Oct-2020 15:42:42 UTC] PHP Notice:  Undefined index: host in /gluster/www/silviuebinca.ro/wp-includes/canonical.php on line 685
[03-Oct-2020 15:42:42 UTC] PHP Notice:  Undefined index: scheme in /gluster/www/silviuebinca.ro/wp-includes/canonical.php on line 706
[03-Oct-2020 15:42:42 UTC] PHP Notice:  Undefined index: host in /gluster/www/silviuebinca.ro/wp-includes/canonical.php on line 673
[03-Oct-2020 15:42:42 UTC] PHP Notice:  Undefined index: host in /gluster/www/silviuebinca.ro/wp-includes/canonical.php on line 682
[03-Oct-2020 15:42:42 UTC] PHP Notice:  Undefined index: host in /gluster/www/silviuebinca.ro/wp-includes/canonical.php on line 685
[03-Oct-2020 15:42:42 UTC] PHP Notice:  Undefined index: scheme in /gluster/www/silviuebinca.ro/wp-includes/canonical.php on line 706
[03-Oct-2020 16:06:24 UTC] PHP Notice:  Undefined index: host in /gluster/www/silviuebinca.ro/wp-includes/canonical.php on line 673
[03-Oct-2020 16:06:25 UTC] PHP Notice:  Undefined index: host in /gluster/www/silviuebinca.ro/wp-includes/canonical.php on line 682
[03-Oct-2020 16:06:25 UTC] PHP Notice:  Undefined index: host in /gluster/www/silviuebinca.ro/wp-includes/canonical.php on line 685
[03-Oct-2020 16:06:25 UTC] PHP Notice:  Undefined index: scheme in /gluster/www/silviuebinca.ro/wp-includes/canonical.php on line 706
[03-Oct-2020 16:06:25 UTC] PHP Notice:  Undefined index: host in /gluster/www/silviuebinca.ro/wp-includes/canonical.php on line 673
[03-Oct-2020 16:06:25 UTC] PHP Notice:  Undefined index: host in /gluster/www/silviuebinca.ro/wp-includes/canonical.php on line 682
[03-Oct-2020 16:06:26 UTC] PHP Notice:  Undefined index: host in /gluster/www/silviuebinca.ro/wp-includes/canonical.php on line 685
[03-Oct-2020 16:06:26 UTC] PHP Notice:  Undefined index: scheme in /gluster/www/silviuebinca.ro/wp-includes/canonical.php on line 706
[03-Oct-2020 18:04:29 UTC] PHP Notice:  Undefined index: host in /gluster/www/silviuebinca.ro/wp-includes/canonical.php on line 673
[03-Oct-2020 18:04:29 UTC] PHP Notice:  Undefined index: host in /gluster/www/silviuebinca.ro/wp-includes/canonical.php on line 682
[03-Oct-2020 18:04:30 UTC] PHP Notice:  Undefined index: host in /gluster/www/silviuebinca.ro/wp-includes/canonical.php on line 685
[03-Oct-2020 18:04:30 UTC] PHP Notice:  Undefined index: scheme in /gluster/www/silviuebinca.ro/wp-includes/canonical.php on line 706
[03-Oct-2020 18:04:30 UTC] PHP Notice:  Undefined index: host in /gluster/www/silviuebinca.ro/wp-includes/canonical.php on line 673
[03-Oct-2020 18:04:30 UTC] PHP Notice:  Undefined index: host in /gluster/www/silviuebinca.ro/wp-includes/canonical.php on line 682
[03-Oct-2020 18:04:30 UTC] PHP Notice:  Undefined index: host in /gluster/www/silviuebinca.ro/wp-includes/canonical.php on line 685
[03-Oct-2020 18:04:30 UTC] PHP Notice:  Undefined index: scheme in /gluster/www/silviuebinca.ro/wp-includes/canonical.php on line 706
[03-Oct-2020 18:31:52 UTC] PHP Notice:  Undefined index: host in /gluster/www/silviuebinca.ro/wp-includes/canonical.php on line 673
[03-Oct-2020 18:31:52 UTC] PHP Notice:  Undefined index: host in /gluster/www/silviuebinca.ro/wp-includes/canonical.php on line 682
[03-Oct-2020 18:31:52 UTC] PHP Notice:  Undefined index: host in /gluster/www/silviuebinca.ro/wp-includes/canonical.php on line 685
[03-Oct-2020 18:31:52 UTC] PHP Notice:  Undefined index: scheme in /gluster/www/silviuebinca.ro/wp-includes/canonical.php on line 706
[03-Oct-2020 18:31:52 UTC] PHP Notice:  Undefined index: host in /gluster/www/silviuebinca.ro/wp-includes/canonical.php on line 673
[03-Oct-2020 18:31:52 UTC] PHP Notice:  Undefined index: host in /gluster/www/silviuebinca.ro/wp-includes/canonical.php on line 682
[03-Oct-2020 18:31:52 UTC] PHP Notice:  Undefined index: host in /gluster/www/silviuebinca.ro/wp-includes/canonical.php on line 685
[03-Oct-2020 18:31:52 UTC] PHP Notice:  Undefined index: scheme in /gluster/www/silviuebinca.ro/wp-includes/canonical.php on line 706
[03-Oct-2020 18:31:55 UTC] PHP Notice:  Undefined index: host in /gluster/www/silviuebinca.ro/wp-includes/canonical.php on line 673
[03-Oct-2020 18:31:55 UTC] PHP Notice:  Undefined index: host in /gluster/www/silviuebinca.ro/wp-includes/canonical.php on line 682
[03-Oct-2020 18:31:55 UTC] PHP Notice:  Undefined index: host in /gluster/www/silviuebinca.ro/wp-includes/canonical.php on line 685
[03-Oct-2020 18:31:56 UTC] PHP Notice:  Undefined index: scheme in /gluster/www/silviuebinca.ro/wp-includes/canonical.php on line 706
[03-Oct-2020 18:31:56 UTC] PHP Notice:  Undefined index: host in /gluster/www/silviuebinca.ro/wp-includes/canonical.php on line 673
[03-Oct-2020 18:31:56 UTC] PHP Notice:  Undefined index: host in /gluster/www/silviuebinca.ro/wp-includes/canonical.php on line 682
[03-Oct-2020 18:31:56 UTC] PHP Notice:  Undefined index: host in /gluster/www/silviuebinca.ro/wp-includes/canonical.php on line 685
[03-Oct-2020 18:31:56 UTC] PHP Notice:  Undefined index: scheme in /gluster/www/silviuebinca.ro/wp-includes/canonical.php on line 706
[03-Oct-2020 18:55:36 UTC] PHP Notice:  Undefined index: host in /gluster/www/silviuebinca.ro/wp-includes/canonical.php on line 673
[03-Oct-2020 18:55:36 UTC] PHP Notice:  Undefined index: host in /gluster/www/silviuebinca.ro/wp-includes/canonical.php on line 682
[03-Oct-2020 18:55:36 UTC] PHP Notice:  Undefined index: host in /gluster/www/silviuebinca.ro/wp-includes/canonical.php on line 685
[03-Oct-2020 18:55:36 UTC] PHP Notice:  Undefined index: scheme in /gluster/www/silviuebinca.ro/wp-includes/canonical.php on line 706
[03-Oct-2020 18:55:36 UTC] PHP Notice:  Undefined index: host in /gluster/www/silviuebinca.ro/wp-includes/canonical.php on line 673
[03-Oct-2020 18:55:36 UTC] PHP Notice:  Undefined index: host in /gluster/www/silviuebinca.ro/wp-includes/canonical.php on line 682
[03-Oct-2020 18:55:36 UTC] PHP Notice:  Undefined index: host in /gluster/www/silviuebinca.ro/wp-includes/canonical.php on line 685
[03-Oct-2020 18:55:36 UTC] PHP Notice:  Undefined index: scheme in /gluster/www/silviuebinca.ro/wp-includes/canonical.php on line 706
[03-Oct-2020 19:16:43 UTC] PHP Notice:  Undefined index: host in /gluster/www/silviuebinca.ro/wp-includes/canonical.php on line 673
[03-Oct-2020 19:16:43 UTC] PHP Notice:  Undefined index: host in /gluster/www/silviuebinca.ro/wp-includes/canonical.php on line 682
[03-Oct-2020 19:16:44 UTC] PHP Notice:  Undefined index: host in /gluster/www/silviuebinca.ro/wp-includes/canonical.php on line 685
[03-Oct-2020 19:16:44 UTC] PHP Notice:  Undefined index: scheme in /gluster/www/silviuebinca.ro/wp-includes/canonical.php on line 706
[03-Oct-2020 19:16:44 UTC] PHP Notice:  Undefined index: host in /gluster/www/silviuebinca.ro/wp-includes/canonical.php on line 673
[03-Oct-2020 19:16:44 UTC] PHP Notice:  Undefined index: host in /gluster/www/silviuebinca.ro/wp-includes/canonical.php on line 682
[03-Oct-2020 19:16:44 UTC] PHP Notice:  Undefined index: host in /gluster/www/silviuebinca.ro/wp-includes/canonical.php on line 685
[03-Oct-2020 19:16:45 UTC] PHP Notice:  Undefined index: scheme in /gluster/www/silviuebinca.ro/wp-includes/canonical.php on line 706
[03-Oct-2020 22:30:04 UTC] PHP Notice:  Undefined index: host in /gluster/www/silviuebinca.ro/wp-includes/canonical.php on line 673
[03-Oct-2020 22:30:04 UTC] PHP Notice:  Undefined index: host in /gluster/www/silviuebinca.ro/wp-includes/canonical.php on line 682
[03-Oct-2020 22:30:04 UTC] PHP Notice:  Undefined index: host in /gluster/www/silviuebinca.ro/wp-includes/canonical.php on line 685
[03-Oct-2020 22:30:04 UTC] PHP Notice:  Undefined index: scheme in /gluster/www/silviuebinca.ro/wp-includes/canonical.php on line 706
[03-Oct-2020 22:30:04 UTC] PHP Notice:  Undefined index: host in /gluster/www/silviuebinca.ro/wp-includes/canonical.php on line 673
[03-Oct-2020 22:30:05 UTC] PHP Notice:  Undefined index: host in /gluster/www/silviuebinca.ro/wp-includes/canonical.php on line 682
[03-Oct-2020 22:30:05 UTC] PHP Notice:  Undefined index: host in /gluster/www/silviuebinca.ro/wp-includes/canonical.php on line 685
[03-Oct-2020 22:30:05 UTC] PHP Notice:  Undefined index: scheme in /gluster/www/silviuebinca.ro/wp-includes/canonical.php on line 706
[03-Oct-2020 22:58:22 UTC] PHP Notice:  Undefined index: host in /gluster/www/silviuebinca.ro/wp-includes/canonical.php on line 673
[03-Oct-2020 22:58:22 UTC] PHP Notice:  Undefined index: host in /gluster/www/silviuebinca.ro/wp-includes/canonical.php on line 682
[03-Oct-2020 22:58:22 UTC] PHP Notice:  Undefined index: host in /gluster/www/silviuebinca.ro/wp-includes/canonical.php on line 685
[03-Oct-2020 22:58:23 UTC] PHP Notice:  Undefined index: scheme in /gluster/www/silviuebinca.ro/wp-includes/canonical.php on line 706
[03-Oct-2020 22:58:23 UTC] PHP Notice:  Undefined index: host in /gluster/www/silviuebinca.ro/wp-includes/canonical.php on line 673
[03-Oct-2020 22:58:23 UTC] PHP Notice:  Undefined index: host in /gluster/www/silviuebinca.ro/wp-includes/canonical.php on line 682
[03-Oct-2020 22:58:23 UTC] PHP Notice:  Undefined index: host in /gluster/www/silviuebinca.ro/wp-includes/canonical.php on line 685
[03-Oct-2020 22:58:23 UTC] PHP Notice:  Undefined index: scheme in /gluster/www/silviuebinca.ro/wp-includes/canonical.php on line 706
[03-Oct-2020 23:54:38 UTC] PHP Notice:  Undefined index: host in /gluster/www/silviuebinca.ro/wp-includes/canonical.php on line 673
[03-Oct-2020 23:54:38 UTC] PHP Notice:  Undefined index: host in /gluster/www/silviuebinca.ro/wp-includes/canonical.php on line 682
[03-Oct-2020 23:54:38 UTC] PHP Notice:  Undefined index: host in /gluster/www/silviuebinca.ro/wp-includes/canonical.php on line 685
[03-Oct-2020 23:54:38 UTC] PHP Notice:  Undefined index: scheme in /gluster/www/silviuebinca.ro/wp-includes/canonical.php on line 706
[03-Oct-2020 23:54:38 UTC] PHP Notice:  Undefined index: host in /gluster/www/silviuebinca.ro/wp-includes/canonical.php on line 673
[03-Oct-2020 23:54:38 UTC] PHP Notice:  Undefined index: host in /gluster/www/silviuebinca.ro/wp-includes/canonical.php on line 682
[03-Oct-2020 23:54:38 UTC] PHP Notice:  Undefined index: host in /gluster/www/silviuebinca.ro/wp-includes/canonical.php on line 685
[03-Oct-2020 23:54:38 UTC] PHP Notice:  Undefined index: scheme in /gluster/www/silviuebinca.ro/wp-includes/canonical.php on line 706
[04-Oct-2020 01:34:48 UTC] PHP Notice:  Undefined index: host in /gluster/www/silviuebinca.ro/wp-includes/canonical.php on line 673
[04-Oct-2020 01:34:48 UTC] PHP Notice:  Undefined index: host in /gluster/www/silviuebinca.ro/wp-includes/canonical.php on line 682
[04-Oct-2020 01:34:48 UTC] PHP Notice:  Undefined index: host in /gluster/www/silviuebinca.ro/wp-includes/canonical.php on line 685
[04-Oct-2020 01:34:48 UTC] PHP Notice:  Undefined index: scheme in /gluster/www/silviuebinca.ro/wp-includes/canonical.php on line 706
[04-Oct-2020 01:34:49 UTC] PHP Notice:  Undefined index: host in /gluster/www/silviuebinca.ro/wp-includes/canonical.php on line 673
[04-Oct-2020 01:34:49 UTC] PHP Notice:  Undefined index: host in /gluster/www/silviuebinca.ro/wp-includes/canonical.php on line 682
[04-Oct-2020 01:34:49 UTC] PHP Notice:  Undefined index: host in /gluster/www/silviuebinca.ro/wp-includes/canonical.php on line 685
[04-Oct-2020 01:34:49 UTC] PHP Notice:  Undefined index: scheme in /gluster/www/silviuebinca.ro/wp-includes/canonical.php on line 706
[04-Oct-2020 01:41:59 UTC] PHP Notice:  Undefined index: host in /gluster/www/silviuebinca.ro/wp-includes/canonical.php on line 673
[04-Oct-2020 01:41:59 UTC] PHP Notice:  Undefined index: host in /gluster/www/silviuebinca.ro/wp-includes/canonical.php on line 682
[04-Oct-2020 01:42:00 UTC] PHP Notice:  Undefined index: host in /gluster/www/silviuebinca.ro/wp-includes/canonical.php on line 685
[04-Oct-2020 01:42:00 UTC] PHP Notice:  Undefined index: scheme in /gluster/www/silviuebinca.ro/wp-includes/canonical.php on line 706
[04-Oct-2020 01:42:00 UTC] PHP Notice:  Undefined index: host in /gluster/www/silviuebinca.ro/wp-includes/canonical.php on line 673
[04-Oct-2020 01:42:00 UTC] PHP Notice:  Undefined index: host in /gluster/www/silviuebinca.ro/wp-includes/canonical.php on line 682
[04-Oct-2020 01:42:00 UTC] PHP Notice:  Undefined index: host in /gluster/www/silviuebinca.ro/wp-includes/canonical.php on line 685
[04-Oct-2020 01:42:01 UTC] PHP Notice:  Undefined index: scheme in /gluster/www/silviuebinca.ro/wp-includes/canonical.php on line 706
[04-Oct-2020 03:10:59 UTC] PHP Notice:  Undefined index: host in /gluster/www/silviuebinca.ro/wp-includes/canonical.php on line 673
[04-Oct-2020 03:10:59 UTC] PHP Notice:  Undefined index: host in /gluster/www/silviuebinca.ro/wp-includes/canonical.php on line 682
[04-Oct-2020 03:11:00 UTC] PHP Notice:  Undefined index: host in /gluster/www/silviuebinca.ro/wp-includes/canonical.php on line 685
[04-Oct-2020 03:11:00 UTC] PHP Notice:  Undefined index: scheme in /gluster/www/silviuebinca.ro/wp-includes/canonical.php on line 706
[04-Oct-2020 03:11:00 UTC] PHP Notice:  Undefined index: host in /gluster/www/silviuebinca.ro/wp-includes/canonical.php on line 673
[04-Oct-2020 03:11:00 UTC] PHP Notice:  Undefined index: host in /gluster/www/silviuebinca.ro/wp-includes/canonical.php on line 682
[04-Oct-2020 03:11:01 UTC] PHP Notice:  Undefined index: host in /gluster/www/silviuebinca.ro/wp-includes/canonical.php on line 685
[04-Oct-2020 03:11:01 UTC] PHP Notice:  Undefined index: scheme in /gluster/www/silviuebinca.ro/wp-includes/canonical.php on line 706
[04-Oct-2020 04:15:05 UTC] PHP Notice:  Undefined index: host in /gluster/www/silviuebinca.ro/wp-includes/canonical.php on line 673
[04-Oct-2020 04:15:05 UTC] PHP Notice:  Undefined index: host in /gluster/www/silviuebinca.ro/wp-includes/canonical.php on line 682
[04-Oct-2020 04:15:05 UTC] PHP Notice:  Undefined index: host in /gluster/www/silviuebinca.ro/wp-includes/canonical.php on line 685
[04-Oct-2020 04:15:05 UTC] PHP Notice:  Undefined index: scheme in /gluster/www/silviuebinca.ro/wp-includes/canonical.php on line 706
[04-Oct-2020 04:15:05 UTC] PHP Notice:  Undefined index: host in /gluster/www/silviuebinca.ro/wp-includes/canonical.php on line 673
[04-Oct-2020 04:15:05 UTC] PHP Notice:  Undefined index: host in /gluster/www/silviuebinca.ro/wp-includes/canonical.php on line 682
[04-Oct-2020 04:15:05 UTC] PHP Notice:  Undefined index: host in /gluster/www/silviuebinca.ro/wp-includes/canonical.php on line 685
[04-Oct-2020 04:15:05 UTC] PHP Notice:  Undefined index: scheme in /gluster/www/silviuebinca.ro/wp-includes/canonical.php on line 706
[04-Oct-2020 04:20:12 UTC] PHP Notice:  Undefined index: host in /gluster/www/silviuebinca.ro/wp-includes/canonical.php on line 673
[04-Oct-2020 04:20:13 UTC] PHP Notice:  Undefined index: host in /gluster/www/silviuebinca.ro/wp-includes/canonical.php on line 682
[04-Oct-2020 04:20:13 UTC] PHP Notice:  Undefined index: host in /gluster/www/silviuebinca.ro/wp-includes/canonical.php on line 685
[04-Oct-2020 04:20:13 UTC] PHP Notice:  Undefined index: scheme in /gluster/www/silviuebinca.ro/wp-includes/canonical.php on line 706
[04-Oct-2020 04:20:14 UTC] PHP Notice:  Undefined index: host in /gluster/www/silviuebinca.ro/wp-includes/canonical.php on line 673
[04-Oct-2020 04:20:14 UTC] PHP Notice:  Undefined index: host in /gluster/www/silviuebinca.ro/wp-includes/canonical.php on line 682
[04-Oct-2020 04:20:14 UTC] PHP Notice:  Undefined index: host in /gluster/www/silviuebinca.ro/wp-includes/canonical.php on line 685
[04-Oct-2020 04:20:15 UTC] PHP Notice:  Undefined index: scheme in /gluster/www/silviuebinca.ro/wp-includes/canonical.php on line 706
[04-Oct-2020 08:11:27 UTC] PHP Notice:  Undefined index: host in /gluster/www/silviuebinca.ro/wp-includes/canonical.php on line 673
[04-Oct-2020 08:11:27 UTC] PHP Notice:  Undefined index: host in /gluster/www/silviuebinca.ro/wp-includes/canonical.php on line 682
[04-Oct-2020 08:11:27 UTC] PHP Notice:  Undefined index: host in /gluster/www/silviuebinca.ro/wp-includes/canonical.php on line 685
[04-Oct-2020 08:11:27 UTC] PHP Notice:  Undefined index: scheme in /gluster/www/silviuebinca.ro/wp-includes/canonical.php on line 706
[04-Oct-2020 08:11:27 UTC] PHP Notice:  Undefined index: host in /gluster/www/silviuebinca.ro/wp-includes/canonical.php on line 673
[04-Oct-2020 08:11:27 UTC] PHP Notice:  Undefined index: host in /gluster/www/silviuebinca.ro/wp-includes/canonical.php on line 682
[04-Oct-2020 08:11:27 UTC] PHP Notice:  Undefined index: host in /gluster/www/silviuebinca.ro/wp-includes/canonical.php on line 685
[04-Oct-2020 08:11:27 UTC] PHP Notice:  Undefined index: scheme in /gluster/www/silviuebinca.ro/wp-includes/canonical.php on line 706
[04-Oct-2020 12:33:35 UTC] PHP Notice:  Undefined index: host in /gluster/www/silviuebinca.ro/wp-includes/canonical.php on line 673
[04-Oct-2020 12:33:35 UTC] PHP Notice:  Undefined index: host in /gluster/www/silviuebinca.ro/wp-includes/canonical.php on line 682
[04-Oct-2020 12:33:35 UTC] PHP Notice:  Undefined index: host in /gluster/www/silviuebinca.ro/wp-includes/canonical.php on line 685
[04-Oct-2020 12:33:36 UTC] PHP Notice:  Undefined index: scheme in /gluster/www/silviuebinca.ro/wp-includes/canonical.php on line 706
[04-Oct-2020 12:33:36 UTC] PHP Notice:  Undefined index: host in /gluster/www/silviuebinca.ro/wp-includes/canonical.php on line 673
[04-Oct-2020 12:33:36 UTC] PHP Notice:  Undefined index: host in /gluster/www/silviuebinca.ro/wp-includes/canonical.php on line 682
[04-Oct-2020 12:33:36 UTC] PHP Notice:  Undefined index: host in /gluster/www/silviuebinca.ro/wp-includes/canonical.php on line 685
[04-Oct-2020 12:33:37 UTC] PHP Notice:  Undefined index: scheme in /gluster/www/silviuebinca.ro/wp-includes/canonical.php on line 706
[04-Oct-2020 15:18:39 UTC] PHP Warning:  An unexpected error occurred. Something may be wrong with WordPress.org or this server&#8217;s configuration. If you continue to have problems, please try the <a href="https://wordpress.org/support/forums/">support forums</a>. (WordPress could not establish a secure connection to WordPress.org. Please contact your server administrator.) in /gluster/www/silviuebinca.ro/wp-includes/update.php on line 168
[04-Oct-2020 15:18:45 UTC] PHP Warning:  An unexpected error occurred. Something may be wrong with WordPress.org or this server&#8217;s configuration. If you continue to have problems, please try the <a href="https://wordpress.org/support/forums/">support forums</a>. (WordPress could not establish a secure connection to WordPress.org. Please contact your server administrator.) in /gluster/www/silviuebinca.ro/wp-includes/update.php on line 403
[04-Oct-2020 15:18:51 UTC] PHP Warning:  An unexpected error occurred. Something may be wrong with WordPress.org or this server&#8217;s configuration. If you continue to have problems, please try the <a href="https://wordpress.org/support/forums/">support forums</a>. (WordPress could not establish a secure connection to WordPress.org. Please contact your server administrator.) in /gluster/www/silviuebinca.ro/wp-includes/update.php on line 607
[04-Oct-2020 18:57:31 UTC] PHP Notice:  Undefined index: host in /gluster/www/silviuebinca.ro/wp-includes/canonical.php on line 673
[04-Oct-2020 18:57:32 UTC] PHP Notice:  Undefined index: host in /gluster/www/silviuebinca.ro/wp-includes/canonical.php on line 682
[04-Oct-2020 18:57:32 UTC] PHP Notice:  Undefined index: host in /gluster/www/silviuebinca.ro/wp-includes/canonical.php on line 685
[04-Oct-2020 18:57:32 UTC] PHP Notice:  Undefined index: scheme in /gluster/www/silviuebinca.ro/wp-includes/canonical.php on line 706
[04-Oct-2020 18:57:32 UTC] PHP Notice:  Undefined index: host in /gluster/www/silviuebinca.ro/wp-includes/canonical.php on line 673
[04-Oct-2020 18:57:32 UTC] PHP Notice:  Undefined index: host in /gluster/www/silviuebinca.ro/wp-includes/canonical.php on line 682
[04-Oct-2020 18:57:33 UTC] PHP Notice:  Undefined index: host in /gluster/www/silviuebinca.ro/wp-includes/canonical.php on line 685
[04-Oct-2020 18:57:33 UTC] PHP Notice:  Undefined index: scheme in /gluster/www/silviuebinca.ro/wp-includes/canonical.php on line 706
[04-Oct-2020 20:48:34 UTC] PHP Notice:  Undefined index: host in /gluster/www/silviuebinca.ro/wp-includes/canonical.php on line 673
[04-Oct-2020 20:48:34 UTC] PHP Notice:  Undefined index: host in /gluster/www/silviuebinca.ro/wp-includes/canonical.php on line 682
[04-Oct-2020 20:48:34 UTC] PHP Notice:  Undefined index: host in /gluster/www/silviuebinca.ro/wp-includes/canonical.php on line 685
[04-Oct-2020 20:48:34 UTC] PHP Notice:  Undefined index: scheme in /gluster/www/silviuebinca.ro/wp-includes/canonical.php on line 706
[04-Oct-2020 20:48:34 UTC] PHP Notice:  Undefined index: host in /gluster/www/silviuebinca.ro/wp-includes/canonical.php on line 673
[04-Oct-2020 20:48:34 UTC] PHP Notice:  Undefined index: host in /gluster/www/silviuebinca.ro/wp-includes/canonical.php on line 682
[04-Oct-2020 20:48:34 UTC] PHP Notice:  Undefined index: host in /gluster/www/silviuebinca.ro/wp-includes/canonical.php on line 685
[04-Oct-2020 20:48:34 UTC] PHP Notice:  Undefined index: scheme in /gluster/www/silviuebinca.ro/wp-includes/canonical.php on line 706
[04-Oct-2020 21:43:38 UTC] PHP Notice:  Undefined index: host in /gluster/www/silviuebinca.ro/wp-includes/canonical.php on line 673
[04-Oct-2020 21:43:38 UTC] PHP Notice:  Undefined index: host in /gluster/www/silviuebinca.ro/wp-includes/canonical.php on line 682
[04-Oct-2020 21:43:38 UTC] PHP Notice:  Undefined index: host in /gluster/www/silviuebinca.ro/wp-includes/canonical.php on line 685
[04-Oct-2020 21:43:39 UTC] PHP Notice:  Undefined index: scheme in /gluster/www/silviuebinca.ro/wp-includes/canonical.php on line 706
[04-Oct-2020 21:43:39 UTC] PHP Notice:  Undefined index: host in /gluster/www/silviuebinca.ro/wp-includes/canonical.php on line 673
[04-Oct-2020 21:43:39 UTC] PHP Notice:  Undefined index: host in /gluster/www/silviuebinca.ro/wp-includes/canonical.php on line 682
[04-Oct-2020 21:43:40 UTC] PHP Notice:  Undefined index: host in /gluster/www/silviuebinca.ro/wp-includes/canonical.php on line 685
[04-Oct-2020 21:43:40 UTC] PHP Notice:  Undefined index: scheme in /gluster/www/silviuebinca.ro/wp-includes/canonical.php on line 706
[04-Oct-2020 23:51:55 UTC] PHP Notice:  Undefined index: host in /gluster/www/silviuebinca.ro/wp-includes/canonical.php on line 673
[04-Oct-2020 23:51:55 UTC] PHP Notice:  Undefined index: host in /gluster/www/silviuebinca.ro/wp-includes/canonical.php on line 682
[04-Oct-2020 23:51:55 UTC] PHP Notice:  Undefined index: host in /gluster/www/silviuebinca.ro/wp-includes/canonical.php on line 685
[04-Oct-2020 23:51:55 UTC] PHP Notice:  Undefined index: scheme in /gluster/www/silviuebinca.ro/wp-includes/canonical.php on line 706
[04-Oct-2020 23:51:55 UTC] PHP Notice:  Undefined index: host in /gluster/www/silviuebinca.ro/wp-includes/canonical.php on line 673
[04-Oct-2020 23:51:55 UTC] PHP Notice:  Undefined index: host in /gluster/www/silviuebinca.ro/wp-includes/canonical.php on line 682
[04-Oct-2020 23:51:55 UTC] PHP Notice:  Undefined index: host in /gluster/www/silviuebinca.ro/wp-includes/canonical.php on line 685
[04-Oct-2020 23:51:55 UTC] PHP Notice:  Undefined index: scheme in /gluster/www/silviuebinca.ro/wp-includes/canonical.php on line 706
[05-Oct-2020 01:47:50 UTC] PHP Notice:  Undefined index: host in /gluster/www/silviuebinca.ro/wp-includes/canonical.php on line 673
[05-Oct-2020 01:47:50 UTC] PHP Notice:  Undefined index: host in /gluster/www/silviuebinca.ro/wp-includes/canonical.php on line 682
[05-Oct-2020 01:47:50 UTC] PHP Notice:  Undefined index: host in /gluster/www/silviuebinca.ro/wp-includes/canonical.php on line 685
[05-Oct-2020 01:47:50 UTC] PHP Notice:  Undefined index: scheme in /gluster/www/silviuebinca.ro/wp-includes/canonical.php on line 706
[05-Oct-2020 01:47:50 UTC] PHP Notice:  Undefined index: host in /gluster/www/silviuebinca.ro/wp-includes/canonical.php on line 673
[05-Oct-2020 01:47:50 UTC] PHP Notice:  Undefined index: host in /gluster/www/silviuebinca.ro/wp-includes/canonical.php on line 682
[05-Oct-2020 01:47:50 UTC] PHP Notice:  Undefined index: host in /gluster/www/silviuebinca.ro/wp-includes/canonical.php on line 685
[05-Oct-2020 01:47:50 UTC] PHP Notice:  Undefined index: scheme in /gluster/www/silviuebinca.ro/wp-includes/canonical.php on line 706
[05-Oct-2020 03:23:43 UTC] PHP Notice:  Undefined index: host in /gluster/www/silviuebinca.ro/wp-includes/canonical.php on line 673
[05-Oct-2020 03:23:43 UTC] PHP Notice:  Undefined index: host in /gluster/www/silviuebinca.ro/wp-includes/canonical.php on line 682
[05-Oct-2020 03:23:43 UTC] PHP Notice:  Undefined index: host in /gluster/www/silviuebinca.ro/wp-includes/canonical.php on line 685
[05-Oct-2020 03:23:43 UTC] PHP Notice:  Undefined index: scheme in /gluster/www/silviuebinca.ro/wp-includes/canonical.php on line 706
[05-Oct-2020 03:23:43 UTC] PHP Notice:  Undefined index: host in /gluster/www/silviuebinca.ro/wp-includes/canonical.php on line 673
[05-Oct-2020 03:23:43 UTC] PHP Notice:  Undefined index: host in /gluster/www/silviuebinca.ro/wp-includes/canonical.php on line 682
[05-Oct-2020 03:23:44 UTC] PHP Notice:  Undefined index: host in /gluster/www/silviuebinca.ro/wp-includes/canonical.php on line 685
[05-Oct-2020 03:23:44 UTC] PHP Notice:  Undefined index: scheme in /gluster/www/silviuebinca.ro/wp-includes/canonical.php on line 706
[05-Oct-2020 04:35:38 UTC] PHP Notice:  Undefined index: host in /gluster/www/silviuebinca.ro/wp-includes/canonical.php on line 673
[05-Oct-2020 04:35:38 UTC] PHP Notice:  Undefined index: host in /gluster/www/silviuebinca.ro/wp-includes/canonical.php on line 682
[05-Oct-2020 04:35:38 UTC] PHP Notice:  Undefined index: host in /gluster/www/silviuebinca.ro/wp-includes/canonical.php on line 685
[05-Oct-2020 04:35:39 UTC] PHP Notice:  Undefined index: scheme in /gluster/www/silviuebinca.ro/wp-includes/canonical.php on line 706
[05-Oct-2020 04:35:39 UTC] PHP Notice:  Undefined index: host in /gluster/www/silviuebinca.ro/wp-includes/canonical.php on line 673
[05-Oct-2020 04:35:39 UTC] PHP Notice:  Undefined index: host in /gluster/www/silviuebinca.ro/wp-includes/canonical.php on line 682
[05-Oct-2020 04:35:39 UTC] PHP Notice:  Undefined index: host in /gluster/www/silviuebinca.ro/wp-includes/canonical.php on line 685
[05-Oct-2020 04:35:39 UTC] PHP Notice:  Undefined index: scheme in /gluster/www/silviuebinca.ro/wp-includes/canonical.php on line 706
[05-Oct-2020 04:46:45 UTC] PHP Notice:  Undefined index: host in /gluster/www/silviuebinca.ro/wp-includes/canonical.php on line 673
[05-Oct-2020 04:46:45 UTC] PHP Notice:  Undefined index: host in /gluster/www/silviuebinca.ro/wp-includes/canonical.php on line 682
[05-Oct-2020 04:46:45 UTC] PHP Notice:  Undefined index: host in /gluster/www/silviuebinca.ro/wp-includes/canonical.php on line 685
[05-Oct-2020 04:46:45 UTC] PHP Notice:  Undefined index: scheme in /gluster/www/silviuebinca.ro/wp-includes/canonical.php on line 706
[05-Oct-2020 04:46:46 UTC] PHP Notice:  Undefined index: host in /gluster/www/silviuebinca.ro/wp-includes/canonical.php on line 673
[05-Oct-2020 04:46:46 UTC] PHP Notice:  Undefined index: host in /gluster/www/silviuebinca.ro/wp-includes/canonical.php on line 682
[05-Oct-2020 04:46:46 UTC] PHP Notice:  Undefined index: host in /gluster/www/silviuebinca.ro/wp-includes/canonical.php on line 685
[05-Oct-2020 04:46:46 UTC] PHP Notice:  Undefined index: scheme in /gluster/www/silviuebinca.ro/wp-includes/canonical.php on line 706
[05-Oct-2020 11:41:52 UTC] PHP Notice:  Undefined index: host in /gluster/www/silviuebinca.ro/wp-includes/canonical.php on line 673
[05-Oct-2020 11:41:52 UTC] PHP Notice:  Undefined index: host in /gluster/www/silviuebinca.ro/wp-includes/canonical.php on line 682
[05-Oct-2020 11:41:52 UTC] PHP Notice:  Undefined index: host in /gluster/www/silviuebinca.ro/wp-includes/canonical.php on line 685
[05-Oct-2020 11:41:53 UTC] PHP Notice:  Undefined index: scheme in /gluster/www/silviuebinca.ro/wp-includes/canonical.php on line 706
[05-Oct-2020 11:41:53 UTC] PHP Notice:  Undefined index: host in /gluster/www/silviuebinca.ro/wp-includes/canonical.php on line 673
[05-Oct-2020 11:41:53 UTC] PHP Notice:  Undefined index: host in /gluster/www/silviuebinca.ro/wp-includes/canonical.php on line 682
[05-Oct-2020 11:41:54 UTC] PHP Notice:  Undefined index: host in /gluster/www/silviuebinca.ro/wp-includes/canonical.php on line 685
[05-Oct-2020 11:41:54 UTC] PHP Notice:  Undefined index: scheme in /gluster/www/silviuebinca.ro/wp-includes/canonical.php on line 706
[05-Oct-2020 15:36:00 UTC] PHP Warning:  mysqli_real_connect(): (HY000/2002): Connection refused in /gluster/www/silviuebinca.ro/wp-includes/wp-db.php on line 1635
[05-Oct-2020 15:37:06 UTC] PHP Warning:  mysqli_real_connect(): (HY000/2002): Connection timed out in /gluster/www/silviuebinca.ro/wp-includes/wp-db.php on line 1635
[05-Oct-2020 15:37:14 UTC] PHP Warning:  mysqli_real_connect(): (HY000/2002): Connection timed out in /gluster/www/silviuebinca.ro/wp-includes/wp-db.php on line 1635
[05-Oct-2020 15:37:15 UTC] PHP Warning:  mysqli_real_connect(): (HY000/2002): Connection timed out in /gluster/www/silviuebinca.ro/wp-includes/wp-db.php on line 1635
[05-Oct-2020 15:37:17 UTC] PHP Warning:  mysqli_real_connect(): (HY000/2002): Connection timed out in /gluster/www/silviuebinca.ro/wp-includes/wp-db.php on line 1635
[05-Oct-2020 15:37:39 UTC] PHP Warning:  mysqli_real_connect(): (HY000/2002): Connection timed out in /gluster/www/silviuebinca.ro/wp-includes/wp-db.php on line 1635
[05-Oct-2020 15:38:00 UTC] PHP Warning:  mysqli_real_connect(): (HY000/2002): Connection timed out in /gluster/www/silviuebinca.ro/wp-includes/wp-db.php on line 1635
[05-Oct-2020 15:38:06 UTC] PHP Warning:  mysqli_real_connect(): (HY000/2002): Connection timed out in /gluster/www/silviuebinca.ro/wp-includes/wp-db.php on line 1635
[05-Oct-2020 15:38:14 UTC] PHP Warning:  mysqli_real_connect(): (HY000/2002): Connection timed out in /gluster/www/silviuebinca.ro/wp-includes/wp-db.php on line 1635
[05-Oct-2020 15:38:15 UTC] PHP Warning:  mysqli_real_connect(): (HY000/2002): Connection timed out in /gluster/www/silviuebinca.ro/wp-includes/wp-db.php on line 1635
[05-Oct-2020 15:38:17 UTC] PHP Warning:  mysqli_real_connect(): (HY000/2002): Connection timed out in /gluster/www/silviuebinca.ro/wp-includes/wp-db.php on line 1635
[05-Oct-2020 15:38:39 UTC] PHP Warning:  mysqli_real_connect(): (HY000/2002): Connection timed out in /gluster/www/silviuebinca.ro/wp-includes/wp-db.php on line 1635
[05-Oct-2020 15:39:00 UTC] PHP Warning:  mysqli_real_connect(): (HY000/2002): Connection timed out in /gluster/www/silviuebinca.ro/wp-includes/wp-db.php on line 1635
[05-Oct-2020 15:39:06 UTC] PHP Warning:  mysqli_real_connect(): (HY000/2002): Connection refused in /gluster/www/silviuebinca.ro/wp-includes/wp-db.php on line 1635
[05-Oct-2020 15:39:06 UTC] PHP Warning:  mysqli_real_connect(): (HY000/2002): Connection timed out in /gluster/www/silviuebinca.ro/wp-includes/wp-db.php on line 1635
[05-Oct-2020 15:39:07 UTC] PHP Warning:  mysqli_real_connect(): (HY000/2002): Connection refused in /gluster/www/silviuebinca.ro/wp-includes/wp-db.php on line 1635
[05-Oct-2020 15:39:11 UTC] PHP Warning:  mysqli_real_connect(): (HY000/2002): Connection refused in /gluster/www/silviuebinca.ro/wp-includes/wp-db.php on line 1635
[05-Oct-2020 15:39:14 UTC] PHP Warning:  mysqli_real_connect(): (HY000/2002): Connection timed out in /gluster/www/silviuebinca.ro/wp-includes/wp-db.php on line 1635
[05-Oct-2020 15:39:15 UTC] PHP Warning:  mysqli_real_connect(): (HY000/2002): Connection timed out in /gluster/www/silviuebinca.ro/wp-includes/wp-db.php on line 1635
[05-Oct-2020 15:39:17 UTC] PHP Warning:  mysqli_real_connect(): (HY000/2002): Connection timed out in /gluster/www/silviuebinca.ro/wp-includes/wp-db.php on line 1635
[05-Oct-2020 15:40:39 UTC] PHP Warning:  mysqli_real_connect(): (HY000/2002): Connection refused in /gluster/www/silviuebinca.ro/wp-includes/wp-db.php on line 1635
[05-Oct-2020 15:42:00 UTC] PHP Warning:  mysqli_real_connect(): (HY000/2002): Connection refused in /gluster/www/silviuebinca.ro/wp-includes/wp-db.php on line 1635
[05-Oct-2020 15:42:00 UTC] PHP Warning:  mysqli_real_connect(): (HY000/2002): Connection timed out in /gluster/www/silviuebinca.ro/wp-includes/wp-db.php on line 1635
[05-Oct-2020 15:42:06 UTC] PHP Warning:  mysqli_real_connect(): (HY000/2002): Connection timed out in /gluster/www/silviuebinca.ro/wp-includes/wp-db.php on line 1635
[05-Oct-2020 15:42:14 UTC] PHP Warning:  mysqli_real_connect(): (HY000/2002): Connection timed out in /gluster/www/silviuebinca.ro/wp-includes/wp-db.php on line 1635
[05-Oct-2020 15:42:15 UTC] PHP Warning:  mysqli_real_connect(): (HY000/2002): Connection timed out in /gluster/www/silviuebinca.ro/wp-includes/wp-db.php on line 1635
[05-Oct-2020 15:42:17 UTC] PHP Warning:  mysqli_real_connect(): (HY000/2002): Connection timed out in /gluster/www/silviuebinca.ro/wp-includes/wp-db.php on line 1635
[05-Oct-2020 17:47:23 UTC] PHP Notice:  Undefined index: host in /gluster/www/silviuebinca.ro/wp-includes/canonical.php on line 673
[05-Oct-2020 17:47:23 UTC] PHP Notice:  Undefined index: host in /gluster/www/silviuebinca.ro/wp-includes/canonical.php on line 682
[05-Oct-2020 17:47:23 UTC] PHP Notice:  Undefined index: host in /gluster/www/silviuebinca.ro/wp-includes/canonical.php on line 685
[05-Oct-2020 17:47:23 UTC] PHP Notice:  Undefined index: scheme in /gluster/www/silviuebinca.ro/wp-includes/canonical.php on line 706
[05-Oct-2020 17:47:23 UTC] PHP Notice:  Undefined index: host in /gluster/www/silviuebinca.ro/wp-includes/canonical.php on line 673
[05-Oct-2020 17:47:23 UTC] PHP Notice:  Undefined index: host in /gluster/www/silviuebinca.ro/wp-includes/canonical.php on line 682
[05-Oct-2020 17:47:23 UTC] PHP Notice:  Undefined index: host in /gluster/www/silviuebinca.ro/wp-includes/canonical.php on line 685
[05-Oct-2020 17:47:23 UTC] PHP Notice:  Undefined index: scheme in /gluster/www/silviuebinca.ro/wp-includes/canonical.php on line 706
[05-Oct-2020 21:07:53 UTC] PHP Notice:  Undefined index: host in /gluster/www/silviuebinca.ro/wp-includes/canonical.php on line 673
[05-Oct-2020 21:07:53 UTC] PHP Notice:  Undefined index: host in /gluster/www/silviuebinca.ro/wp-includes/canonical.php on line 682
[05-Oct-2020 21:07:53 UTC] PHP Notice:  Undefined index: host in /gluster/www/silviuebinca.ro/wp-includes/canonical.php on line 685
[05-Oct-2020 21:07:53 UTC] PHP Notice:  Undefined index: scheme in /gluster/www/silviuebinca.ro/wp-includes/canonical.php on line 706
[05-Oct-2020 21:07:53 UTC] PHP Notice:  Undefined index: host in /gluster/www/silviuebinca.ro/wp-includes/canonical.php on line 673
[05-Oct-2020 21:07:53 UTC] PHP Notice:  Undefined index: host in /gluster/www/silviuebinca.ro/wp-includes/canonical.php on line 682
[05-Oct-2020 21:07:53 UTC] PHP Notice:  Undefined index: host in /gluster/www/silviuebinca.ro/wp-includes/canonical.php on line 685
[05-Oct-2020 21:07:53 UTC] PHP Notice:  Undefined index: scheme in /gluster/www/silviuebinca.ro/wp-includes/canonical.php on line 706
[06-Oct-2020 03:24:58 UTC] PHP Notice:  Undefined index: host in /gluster/www/silviuebinca.ro/wp-includes/canonical.php on line 673
[06-Oct-2020 03:24:58 UTC] PHP Notice:  Undefined index: host in /gluster/www/silviuebinca.ro/wp-includes/canonical.php on line 682
[06-Oct-2020 03:24:58 UTC] PHP Notice:  Undefined index: host in /gluster/www/silviuebinca.ro/wp-includes/canonical.php on line 685
[06-Oct-2020 03:24:58 UTC] PHP Notice:  Undefined index: scheme in /gluster/www/silviuebinca.ro/wp-includes/canonical.php on line 706
[06-Oct-2020 03:24:58 UTC] PHP Notice:  Undefined index: host in /gluster/www/silviuebinca.ro/wp-includes/canonical.php on line 673
[06-Oct-2020 03:24:58 UTC] PHP Notice:  Undefined index: host in /gluster/www/silviuebinca.ro/wp-includes/canonical.php on line 682
[06-Oct-2020 03:24:58 UTC] PHP Notice:  Undefined index: host in /gluster/www/silviuebinca.ro/wp-includes/canonical.php on line 685
[06-Oct-2020 03:24:58 UTC] PHP Notice:  Undefined index: scheme in /gluster/www/silviuebinca.ro/wp-includes/canonical.php on line 706
[06-Oct-2020 04:37:34 UTC] PHP Notice:  Undefined index: host in /gluster/www/silviuebinca.ro/wp-includes/canonical.php on line 673
[06-Oct-2020 04:37:34 UTC] PHP Notice:  Undefined index: host in /gluster/www/silviuebinca.ro/wp-includes/canonical.php on line 682
[06-Oct-2020 04:37:34 UTC] PHP Notice:  Undefined index: host in /gluster/www/silviuebinca.ro/wp-includes/canonical.php on line 685
[06-Oct-2020 04:37:34 UTC] PHP Notice:  Undefined index: scheme in /gluster/www/silviuebinca.ro/wp-includes/canonical.php on line 706
[06-Oct-2020 04:37:34 UTC] PHP Notice:  Undefined index: host in /gluster/www/silviuebinca.ro/wp-includes/canonical.php on line 673
[06-Oct-2020 04:37:34 UTC] PHP Notice:  Undefined index: host in /gluster/www/silviuebinca.ro/wp-includes/canonical.php on line 682
[06-Oct-2020 04:37:34 UTC] PHP Notice:  Undefined index: host in /gluster/www/silviuebinca.ro/wp-includes/canonical.php on line 685
[06-Oct-2020 04:37:34 UTC] PHP Notice:  Undefined index: scheme in /gluster/www/silviuebinca.ro/wp-includes/canonical.php on line 706
[06-Oct-2020 06:12:06 UTC] PHP Notice:  Undefined index: host in /gluster/www/silviuebinca.ro/wp-includes/canonical.php on line 673
[06-Oct-2020 06:12:06 UTC] PHP Notice:  Undefined index: host in /gluster/www/silviuebinca.ro/wp-includes/canonical.php on line 682
[06-Oct-2020 06:12:06 UTC] PHP Notice:  Undefined index: host in /gluster/www/silviuebinca.ro/wp-includes/canonical.php on line 685
[06-Oct-2020 06:12:06 UTC] PHP Notice:  Undefined index: scheme in /gluster/www/silviuebinca.ro/wp-includes/canonical.php on line 706
[06-Oct-2020 06:12:06 UTC] PHP Notice:  Undefined index: host in /gluster/www/silviuebinca.ro/wp-includes/canonical.php on line 673
[06-Oct-2020 06:12:06 UTC] PHP Notice:  Undefined index: host in /gluster/www/silviuebinca.ro/wp-includes/canonical.php on line 682
[06-Oct-2020 06:12:06 UTC] PHP Notice:  Undefined index: host in /gluster/www/silviuebinca.ro/wp-includes/canonical.php on line 685
[06-Oct-2020 06:12:06 UTC] PHP Notice:  Undefined index: scheme in /gluster/www/silviuebinca.ro/wp-includes/canonical.php on line 706
[06-Oct-2020 11:54:09 UTC] PHP Notice:  Undefined index: host in /gluster/www/silviuebinca.ro/wp-includes/canonical.php on line 673
[06-Oct-2020 11:54:09 UTC] PHP Notice:  Undefined index: host in /gluster/www/silviuebinca.ro/wp-includes/canonical.php on line 682
[06-Oct-2020 11:54:09 UTC] PHP Notice:  Undefined index: host in /gluster/www/silviuebinca.ro/wp-includes/canonical.php on line 685
[06-Oct-2020 11:54:09 UTC] PHP Notice:  Undefined index: scheme in /gluster/www/silviuebinca.ro/wp-includes/canonical.php on line 706
[06-Oct-2020 11:54:09 UTC] PHP Notice:  Undefined index: host in /gluster/www/silviuebinca.ro/wp-includes/canonical.php on line 673
[06-Oct-2020 11:54:09 UTC] PHP Notice:  Undefined index: host in /gluster/www/silviuebinca.ro/wp-includes/canonical.php on line 682
[06-Oct-2020 11:54:09 UTC] PHP Notice:  Undefined index: host in /gluster/www/silviuebinca.ro/wp-includes/canonical.php on line 685
[06-Oct-2020 11:54:09 UTC] PHP Notice:  Undefined index: scheme in /gluster/www/silviuebinca.ro/wp-includes/canonical.php on line 706
[06-Oct-2020 13:39:54 UTC] PHP Warning:  An unexpected error occurred. Something may be wrong with WordPress.org or this server&#8217;s configuration. If you continue to have problems, please try the <a href="https://wordpress.org/support/forums/">support forums</a>. (WordPress could not establish a secure connection to WordPress.org. Please contact your server administrator.) in /gluster/www/silviuebinca.ro/wp-includes/update.php on line 168
[06-Oct-2020 13:40:00 UTC] PHP Warning:  An unexpected error occurred. Something may be wrong with WordPress.org or this server&#8217;s configuration. If you continue to have problems, please try the <a href="https://wordpress.org/support/forums/">support forums</a>. (WordPress could not establish a secure connection to WordPress.org. Please contact your server administrator.) in /gluster/www/silviuebinca.ro/wp-includes/update.php on line 403
[06-Oct-2020 13:40:06 UTC] PHP Warning:  An unexpected error occurred. Something may be wrong with WordPress.org or this server&#8217;s configuration. If you continue to have problems, please try the <a href="https://wordpress.org/support/forums/">support forums</a>. (WordPress could not establish a secure connection to WordPress.org. Please contact your server administrator.) in /gluster/www/silviuebinca.ro/wp-includes/update.php on line 607
[06-Oct-2020 13:46:12 UTC] PHP Warning:  An unexpected error occurred. Something may be wrong with WordPress.org or this server&#8217;s configuration. If you continue to have problems, please try the <a href="https://wordpress.org/support/forums/">support forums</a>. (WordPress could not establish a secure connection to WordPress.org. Please contact your server administrator.) in /gluster/www/silviuebinca.ro/wp-admin/includes/translation-install.php on line 68
[06-Oct-2020 13:46:14 UTC] PHP Warning:  An unexpected error occurred. Something may be wrong with WordPress.org or this server&#8217;s configuration. If you continue to have problems, please try the <a href="https://wordpress.org/support/forums/">support forums</a>. (WordPress could not establish a secure connection to WordPress.org. Please contact your server administrator.) in /gluster/www/silviuebinca.ro/wp-admin/includes/translation-install.php on line 68
[06-Oct-2020 14:09:20 UTC] PHP Warning:  An unexpected error occurred. Something may be wrong with WordPress.org or this server&#8217;s configuration. If you continue to have problems, please try the <a href="https://wordpress.org/support/forums/">support forums</a>. (WordPress could not establish a secure connection to WordPress.org. Please contact your server administrator.) in /gluster/www/silviuebinca.ro/wp-admin/includes/translation-install.php on line 68
[06-Oct-2020 14:09:21 UTC] PHP Warning:  An unexpected error occurred. Something may be wrong with WordPress.org or this server&#8217;s configuration. If you continue to have problems, please try the <a href="https://wordpress.org/support/forums/">support forums</a>. (WordPress could not establish a secure connection to WordPress.org. Please contact your server administrator.) in /gluster/www/silviuebinca.ro/wp-admin/includes/translation-install.php on line 68
[06-Oct-2020 14:09:56 UTC] PHP Warning:  An unexpected error occurred. Something may be wrong with WordPress.org or this server&#8217;s configuration. If you continue to have problems, please try the <a href="https://wordpress.org/support/forums/">support forums</a>. (WordPress could not establish a secure connection to WordPress.org. Please contact your server administrator.) in /gluster/www/silviuebinca.ro/wp-admin/includes/translation-install.php on line 68
[06-Oct-2020 14:13:51 UTC] PHP Notice:  Undefined index: host in /gluster/www/silviuebinca.ro/wp-includes/canonical.php on line 673
[06-Oct-2020 14:13:51 UTC] PHP Notice:  Undefined index: host in /gluster/www/silviuebinca.ro/wp-includes/canonical.php on line 682
[06-Oct-2020 14:13:51 UTC] PHP Notice:  Undefined index: host in /gluster/www/silviuebinca.ro/wp-includes/canonical.php on line 685
[06-Oct-2020 14:13:51 UTC] PHP Notice:  Undefined index: scheme in /gluster/www/silviuebinca.ro/wp-includes/canonical.php on line 706
[06-Oct-2020 14:13:51 UTC] PHP Notice:  Undefined index: host in /gluster/www/silviuebinca.ro/wp-includes/canonical.php on line 673
[06-Oct-2020 14:13:51 UTC] PHP Notice:  Undefined index: host in /gluster/www/silviuebinca.ro/wp-includes/canonical.php on line 682
[06-Oct-2020 14:13:51 UTC] PHP Notice:  Undefined index: host in /gluster/www/silviuebinca.ro/wp-includes/canonical.php on line 685
[06-Oct-2020 14:13:51 UTC] PHP Notice:  Undefined index: scheme in /gluster/www/silviuebinca.ro/wp-includes/canonical.php on line 706
[06-Oct-2020 14:17:23 UTC] PHP Warning:  An unexpected error occurred. Something may be wrong with WordPress.org or this server&#8217;s configuration. If you continue to have problems, please try the <a href="https://wordpress.org/support/forums/">support forums</a>. (WordPress could not establish a secure connection to WordPress.org. Please contact your server administrator.) in /gluster/www/silviuebinca.ro/wp-includes/update.php on line 403
[06-Oct-2020 14:17:31 UTC] PHP Warning:  An unexpected error occurred. Something may be wrong with WordPress.org or this server&#8217;s configuration. If you continue to have problems, please try the <a href="https://wordpress.org/support/forums/">support forums</a>. (WordPress could not establish a secure connection to WordPress.org. Please contact your server administrator.) in /gluster/www/silviuebinca.ro/wp-admin/includes/plugin-install.php on line 183
[06-Oct-2020 14:17:51 UTC] PHP Warning:  An unexpected error occurred. Something may be wrong with WordPress.org or this server&#8217;s configuration. If you continue to have problems, please try the <a href="https://wordpress.org/support/forums/">support forums</a>. (WordPress could not establish a secure connection to WordPress.org. Please contact your server administrator.) in /gluster/www/silviuebinca.ro/wp-admin/includes/plugin-install.php on line 183
[06-Oct-2020 14:19:57 UTC] <b>Detecting configuration</b>
[06-Oct-2020 14:19:57 UTC] Check SSL by retrieving SSL certificate info
[06-Oct-2020 14:19:58 UTC] .htaccess not found in /gluster/www/silviuebinca.ro/
[06-Oct-2020 14:20:13 UTC] <b>Detecting configuration</b>
[06-Oct-2020 14:20:13 UTC] Check SSL by retrieving SSL certificate info
[06-Oct-2020 14:20:13 UTC] .htaccess not found in /gluster/www/silviuebinca.ro/
[06-Oct-2020 14:20:13 UTC] .htaccess not found.
[06-Oct-2020 14:20:24 UTC] <b>Detecting configuration</b>
[06-Oct-2020 14:20:24 UTC] Check SSL by retrieving SSL certificate info
[06-Oct-2020 14:20:24 UTC] .htaccess not found in /gluster/www/silviuebinca.ro/
[06-Oct-2020 14:20:27 UTC] <b>Detecting configuration</b>
[06-Oct-2020 14:20:27 UTC] Check SSL by retrieving SSL certificate info
[06-Oct-2020 14:20:27 UTC] .htaccess not found in /gluster/www/silviuebinca.ro/
[06-Oct-2020 14:20:42 UTC] <b>Detecting configuration</b>
[06-Oct-2020 14:20:42 UTC] Check SSL by retrieving SSL certificate info
[06-Oct-2020 14:20:42 UTC] .htaccess not found in /gluster/www/silviuebinca.ro/
[06-Oct-2020 14:20:48 UTC] <b>Detecting configuration</b>
[06-Oct-2020 14:20:48 UTC] Check SSL by retrieving SSL certificate info
[06-Oct-2020 14:20:49 UTC] .htaccess not found in /gluster/www/silviuebinca.ro/
[06-Oct-2020 14:21:49 UTC] <b>Detecting configuration</b>
[06-Oct-2020 14:21:49 UTC] Check SSL by retrieving SSL certificate info
[06-Oct-2020 14:22:49 UTC] <b>Detecting configuration</b>
[06-Oct-2020 14:22:49 UTC] Check SSL by retrieving SSL certificate info
[06-Oct-2020 14:23:49 UTC] <b>Detecting configuration</b>
[06-Oct-2020 14:23:49 UTC] Check SSL by retrieving SSL certificate info
[06-Oct-2020 14:25:49 UTC] <b>Detecting configuration</b>
[06-Oct-2020 14:25:49 UTC] Check SSL by retrieving SSL certificate info
[06-Oct-2020 14:27:49 UTC] <b>Detecting configuration</b>
[06-Oct-2020 14:27:49 UTC] Check SSL by retrieving SSL certificate info
[06-Oct-2020 14:29:50 UTC] <b>Detecting configuration</b>
[06-Oct-2020 14:29:50 UTC] Check SSL by retrieving SSL certificate info
[06-Oct-2020 14:31:49 UTC] <b>Detecting configuration</b>
[06-Oct-2020 14:31:49 UTC] Check SSL by retrieving SSL certificate info
[06-Oct-2020 14:49:43 UTC] <b>Detecting configuration</b>
[06-Oct-2020 14:49:43 UTC] Check SSL by retrieving SSL certificate info
[06-Oct-2020 14:50:43 UTC] <b>Detecting configuration</b>
[06-Oct-2020 14:50:43 UTC] Check SSL by retrieving SSL certificate info
[06-Oct-2020 14:52:43 UTC] <b>Detecting configuration</b>
[06-Oct-2020 14:52:43 UTC] Check SSL by retrieving SSL certificate info
[06-Oct-2020 14:54:43 UTC] <b>Detecting configuration</b>
[06-Oct-2020 14:54:43 UTC] Check SSL by retrieving SSL certificate info
[06-Oct-2020 14:56:43 UTC] <b>Detecting configuration</b>
[06-Oct-2020 14:56:43 UTC] Check SSL by retrieving SSL certificate info
[06-Oct-2020 14:57:43 UTC] <b>Detecting configuration</b>
[06-Oct-2020 14:57:43 UTC] Check SSL by retrieving SSL certificate info
[06-Oct-2020 14:59:43 UTC] <b>Detecting configuration</b>
[06-Oct-2020 14:59:43 UTC] Check SSL by retrieving SSL certificate info
[06-Oct-2020 15:01:43 UTC] <b>Detecting configuration</b>
[06-Oct-2020 15:01:43 UTC] Check SSL by retrieving SSL certificate info
[06-Oct-2020 15:03:43 UTC] <b>Detecting configuration</b>
[06-Oct-2020 15:03:43 UTC] Check SSL by retrieving SSL certificate info
[06-Oct-2020 15:05:43 UTC] <b>Detecting configuration</b>
[06-Oct-2020 15:05:43 UTC] Check SSL by retrieving SSL certificate info
[06-Oct-2020 22:15:10 UTC] PHP Notice:  Undefined index: host in /gluster/www/silviuebinca.ro/wp-includes/canonical.php on line 673
[06-Oct-2020 22:15:10 UTC] PHP Notice:  Undefined index: host in /gluster/www/silviuebinca.ro/wp-includes/canonical.php on line 682
[06-Oct-2020 22:15:10 UTC] PHP Notice:  Undefined index: host in /gluster/www/silviuebinca.ro/wp-includes/canonical.php on line 685
[06-Oct-2020 22:15:10 UTC] PHP Notice:  Undefined index: scheme in /gluster/www/silviuebinca.ro/wp-includes/canonical.php on line 706
[06-Oct-2020 22:15:10 UTC] PHP Notice:  Undefined index: host in /gluster/www/silviuebinca.ro/wp-includes/canonical.php on line 673
[06-Oct-2020 22:15:10 UTC] PHP Notice:  Undefined index: host in /gluster/www/silviuebinca.ro/wp-includes/canonical.php on line 682
[06-Oct-2020 22:15:10 UTC] PHP Notice:  Undefined index: host in /gluster/www/silviuebinca.ro/wp-includes/canonical.php on line 685
[06-Oct-2020 22:15:10 UTC] PHP Notice:  Undefined index: scheme in /gluster/www/silviuebinca.ro/wp-includes/canonical.php on line 706
[06-Oct-2020 22:31:27 UTC] PHP Notice:  Undefined index: host in /gluster/www/silviuebinca.ro/wp-includes/canonical.php on line 673
[06-Oct-2020 22:31:27 UTC] PHP Notice:  Undefined index: host in /gluster/www/silviuebinca.ro/wp-includes/canonical.php on line 682
[06-Oct-2020 22:31:27 UTC] PHP Notice:  Undefined index: host in /gluster/www/silviuebinca.ro/wp-includes/canonical.php on line 685
[06-Oct-2020 22:31:27 UTC] PHP Notice:  Undefined index: scheme in /gluster/www/silviuebinca.ro/wp-includes/canonical.php on line 706
[06-Oct-2020 22:31:27 UTC] PHP Notice:  Undefined index: host in /gluster/www/silviuebinca.ro/wp-includes/canonical.php on line 673
[06-Oct-2020 22:31:27 UTC] PHP Notice:  Undefined index: host in /gluster/www/silviuebinca.ro/wp-includes/canonical.php on line 682
[06-Oct-2020 22:31:27 UTC] PHP Notice:  Undefined index: host in /gluster/www/silviuebinca.ro/wp-includes/canonical.php on line 685
[06-Oct-2020 22:31:27 UTC] PHP Notice:  Undefined index: scheme in /gluster/www/silviuebinca.ro/wp-includes/canonical.php on line 706
[07-Oct-2020 07:15:28 UTC] PHP Notice:  Undefined index: host in /gluster/www/silviuebinca.ro/wp-includes/canonical.php on line 673
[07-Oct-2020 07:15:28 UTC] PHP Notice:  Undefined index: host in /gluster/www/silviuebinca.ro/wp-includes/canonical.php on line 682
[07-Oct-2020 07:15:28 UTC] PHP Notice:  Undefined index: host in /gluster/www/silviuebinca.ro/wp-includes/canonical.php on line 685
[07-Oct-2020 07:15:28 UTC] PHP Notice:  Undefined index: scheme in /gluster/www/silviuebinca.ro/wp-includes/canonical.php on line 706
[07-Oct-2020 07:15:28 UTC] PHP Notice:  Undefined index: host in /gluster/www/silviuebinca.ro/wp-includes/canonical.php on line 673
[07-Oct-2020 07:15:28 UTC] PHP Notice:  Undefined index: host in /gluster/www/silviuebinca.ro/wp-includes/canonical.php on line 682
[07-Oct-2020 07:15:28 UTC] PHP Notice:  Undefined index: host in /gluster/www/silviuebinca.ro/wp-includes/canonical.php on line 685
[07-Oct-2020 07:15:28 UTC] PHP Notice:  Undefined index: scheme in /gluster/www/silviuebinca.ro/wp-includes/canonical.php on line 706
[07-Oct-2020 09:12:16 UTC] PHP Notice:  Undefined index: host in /gluster/www/silviuebinca.ro/wp-includes/canonical.php on line 673
[07-Oct-2020 09:12:16 UTC] PHP Notice:  Undefined index: host in /gluster/www/silviuebinca.ro/wp-includes/canonical.php on line 682
[07-Oct-2020 09:12:16 UTC] PHP Notice:  Undefined index: host in /gluster/www/silviuebinca.ro/wp-includes/canonical.php on line 685
[07-Oct-2020 09:12:16 UTC] PHP Notice:  Undefined index: scheme in /gluster/www/silviuebinca.ro/wp-includes/canonical.php on line 706
[07-Oct-2020 09:12:16 UTC] PHP Notice:  Undefined index: host in /gluster/www/silviuebinca.ro/wp-includes/canonical.php on line 673
[07-Oct-2020 09:12:16 UTC] PHP Notice:  Undefined index: host in /gluster/www/silviuebinca.ro/wp-includes/canonical.php on line 682
[07-Oct-2020 09:12:16 UTC] PHP Notice:  Undefined index: host in /gluster/www/silviuebinca.ro/wp-includes/canonical.php on line 685
[07-Oct-2020 09:12:16 UTC] PHP Notice:  Undefined index: scheme in /gluster/www/silviuebinca.ro/wp-includes/canonical.php on line 706
[07-Oct-2020 09:18:34 UTC] PHP Notice:  Undefined index: host in /gluster/www/silviuebinca.ro/wp-includes/canonical.php on line 673
[07-Oct-2020 09:18:34 UTC] PHP Notice:  Undefined index: host in /gluster/www/silviuebinca.ro/wp-includes/canonical.php on line 682
[07-Oct-2020 09:18:34 UTC] PHP Notice:  Undefined index: host in /gluster/www/silviuebinca.ro/wp-includes/canonical.php on line 685
[07-Oct-2020 09:18:34 UTC] PHP Notice:  Undefined index: scheme in /gluster/www/silviuebinca.ro/wp-includes/canonical.php on line 706
[07-Oct-2020 09:18:34 UTC] PHP Notice:  Undefined index: host in /gluster/www/silviuebinca.ro/wp-includes/canonical.php on line 673
[07-Oct-2020 09:18:34 UTC] PHP Notice:  Undefined index: host in /gluster/www/silviuebinca.ro/wp-includes/canonical.php on line 682
[07-Oct-2020 09:18:34 UTC] PHP Notice:  Undefined index: host in /gluster/www/silviuebinca.ro/wp-includes/canonical.php on line 685
[07-Oct-2020 09:18:34 UTC] PHP Notice:  Undefined index: scheme in /gluster/www/silviuebinca.ro/wp-includes/canonical.php on line 706
[07-Oct-2020 09:19:09 UTC] <b>Detecting configuration</b>
[07-Oct-2020 09:19:09 UTC] Check SSL by retrieving SSL certificate info
[07-Oct-2020 09:20:09 UTC] <b>Detecting configuration</b>
[07-Oct-2020 09:20:09 UTC] Check SSL by retrieving SSL certificate info
[07-Oct-2020 09:22:09 UTC] <b>Detecting configuration</b>
[07-Oct-2020 09:22:09 UTC] Check SSL by retrieving SSL certificate info
[07-Oct-2020 09:24:09 UTC] <b>Detecting configuration</b>
[07-Oct-2020 09:24:09 UTC] Check SSL by retrieving SSL certificate info
[07-Oct-2020 09:26:09 UTC] <b>Detecting configuration</b>
[07-Oct-2020 09:26:09 UTC] Check SSL by retrieving SSL certificate info
[07-Oct-2020 09:28:09 UTC] <b>Detecting configuration</b>
[07-Oct-2020 09:28:09 UTC] Check SSL by retrieving SSL certificate info
[07-Oct-2020 09:33:03 UTC] <b>Detecting configuration</b>
[07-Oct-2020 09:33:03 UTC] Check SSL by retrieving SSL certificate info
[07-Oct-2020 09:33:11 UTC] <b>Detecting configuration</b>
[07-Oct-2020 09:33:11 UTC] Check SSL by retrieving SSL certificate info
[07-Oct-2020 09:33:11 UTC] .htaccess not found in /gluster/www/silviuebinca.ro/
[07-Oct-2020 09:33:14 UTC] PHP Warning:  An unexpected error occurred. Something may be wrong with WordPress.org or this server&#8217;s configuration. If you continue to have problems, please try the <a href="https://wordpress.org/support/forums/">support forums</a>. (WordPress could not establish a secure connection to WordPress.org. Please contact your server administrator.) in /gluster/www/silviuebinca.ro/wp-includes/update.php on line 168
[07-Oct-2020 09:33:19 UTC] <b>Detecting configuration</b>
[07-Oct-2020 09:33:19 UTC] Check SSL by retrieving SSL certificate info
[07-Oct-2020 09:33:20 UTC] .htaccess not found in /gluster/www/silviuebinca.ro/
[07-Oct-2020 09:33:20 UTC] PHP Warning:  An unexpected error occurred. Something may be wrong with WordPress.org or this server&#8217;s configuration. If you continue to have problems, please try the <a href="https://wordpress.org/support/forums/">support forums</a>. (WordPress could not establish a secure connection to WordPress.org. Please contact your server administrator.) in /gluster/www/silviuebinca.ro/wp-includes/update.php on line 403
[07-Oct-2020 09:33:23 UTC] PHP Warning:  An unexpected error occurred. Something may be wrong with WordPress.org or this server&#8217;s configuration. If you continue to have problems, please try the <a href="https://wordpress.org/support/forums/">support forums</a>. (WordPress could not establish a secure connection to WordPress.org. Please contact your server administrator.) in /gluster/www/silviuebinca.ro/wp-includes/update.php on line 607
[07-Oct-2020 09:33:26 UTC] PHP Warning:  An unexpected error occurred. Something may be wrong with WordPress.org or this server&#8217;s configuration. If you continue to have problems, please try the <a href="https://wordpress.org/support/forums/">support forums</a>. (WordPress could not establish a secure connection to WordPress.org. Please contact your server administrator.) in /gluster/www/silviuebinca.ro/wp-includes/update.php on line 607
[07-Oct-2020 09:33:32 UTC] <b>Detecting configuration</b>
[07-Oct-2020 09:33:32 UTC] Check SSL by retrieving SSL certificate info
[07-Oct-2020 09:33:32 UTC] <b>Detecting configuration</b>
[07-Oct-2020 09:33:32 UTC] Check SSL by retrieving SSL certificate info
[07-Oct-2020 09:34:32 UTC] <b>Detecting configuration</b>
[07-Oct-2020 09:34:32 UTC] Check SSL by retrieving SSL certificate info
[07-Oct-2020 09:36:32 UTC] <b>Detecting configuration</b>
[07-Oct-2020 09:36:32 UTC] Check SSL by retrieving SSL certificate info
[07-Oct-2020 09:38:32 UTC] <b>Detecting configuration</b>
[07-Oct-2020 09:38:32 UTC] Check SSL by retrieving SSL certificate info
[07-Oct-2020 09:40:32 UTC] <b>Detecting configuration</b>
[07-Oct-2020 09:40:32 UTC] Check SSL by retrieving SSL certificate info
[07-Oct-2020 09:42:32 UTC] <b>Detecting configuration</b>
[07-Oct-2020 09:42:32 UTC] Check SSL by retrieving SSL certificate info
[07-Oct-2020 09:44:32 UTC] <b>Detecting configuration</b>
[07-Oct-2020 09:44:32 UTC] Check SSL by retrieving SSL certificate info
[07-Oct-2020 09:46:31 UTC] <b>Detecting configuration</b>
[07-Oct-2020 09:46:31 UTC] Check SSL by retrieving SSL certificate info
[07-Oct-2020 09:47:30 UTC] <b>Detecting configuration</b>
[07-Oct-2020 09:47:30 UTC] Check SSL by retrieving SSL certificate info
[07-Oct-2020 09:48:30 UTC] <b>Detecting configuration</b>
[07-Oct-2020 09:48:30 UTC] Check SSL by retrieving SSL certificate info
[07-Oct-2020 09:49:30 UTC] <b>Detecting configuration</b>
[07-Oct-2020 09:49:30 UTC] Check SSL by retrieving SSL certificate info
[07-Oct-2020 09:51:31 UTC] <b>Detecting configuration</b>
[07-Oct-2020 09:51:31 UTC] Check SSL by retrieving SSL certificate info
[07-Oct-2020 09:52:40 UTC] <b>Detecting configuration</b>
[07-Oct-2020 09:52:40 UTC] Check SSL by retrieving SSL certificate info
[07-Oct-2020 09:53:40 UTC] <b>Detecting configuration</b>
[07-Oct-2020 09:53:40 UTC] Check SSL by retrieving SSL certificate info
[07-Oct-2020 09:55:40 UTC] <b>Detecting configuration</b>
[07-Oct-2020 09:55:40 UTC] Check SSL by retrieving SSL certificate info
[07-Oct-2020 09:56:40 UTC] <b>Detecting configuration</b>
[07-Oct-2020 09:56:40 UTC] Check SSL by retrieving SSL certificate info
[07-Oct-2020 09:58:40 UTC] <b>Detecting configuration</b>
[07-Oct-2020 09:58:40 UTC] Check SSL by retrieving SSL certificate info
[07-Oct-2020 10:00:40 UTC] <b>Detecting configuration</b>
[07-Oct-2020 10:00:40 UTC] Check SSL by retrieving SSL certificate info
[07-Oct-2020 10:02:40 UTC] <b>Detecting configuration</b>
[07-Oct-2020 10:02:40 UTC] Check SSL by retrieving SSL certificate info
[07-Oct-2020 10:04:40 UTC] <b>Detecting configuration</b>
[07-Oct-2020 10:04:40 UTC] Check SSL by retrieving SSL certificate info
[07-Oct-2020 10:05:56 UTC] <b>Detecting configuration</b>
[07-Oct-2020 10:05:56 UTC] Check SSL by retrieving SSL certificate info
[07-Oct-2020 10:06:55 UTC] <b>Detecting configuration</b>
[07-Oct-2020 10:06:55 UTC] Check SSL by retrieving SSL certificate info
[07-Oct-2020 10:08:56 UTC] <b>Detecting configuration</b>
[07-Oct-2020 10:08:56 UTC] Check SSL by retrieving SSL certificate info
[07-Oct-2020 10:10:49 UTC] <b>Detecting configuration</b>
[07-Oct-2020 10:10:49 UTC] Check SSL by retrieving SSL certificate info
